ARM GAS  C:\Users\jdrd3\AppData\Local\Temp\ccis6oB7.s 			page 1


   1              		.syntax unified
   2              		.cpu cortex-m3
   3              		.fpu softvfp
   4              		.eabi_attribute 20, 1
   5              		.eabi_attribute 21, 1
   6              		.eabi_attribute 23, 3
   7              		.eabi_attribute 24, 1
   8              		.eabi_attribute 25, 1
   9              		.eabi_attribute 26, 1
  10              		.eabi_attribute 30, 1
  11              		.eabi_attribute 34, 1
  12              		.eabi_attribute 18, 4
  13              		.thumb
  14              		.syntax unified
  15              		.file	"cymetadata.c"
  16              		.text
  17              	.Ltext0:
  18              		.cfi_sections	.debug_frame
  19              		.global	cy_metadata
  20              		.global	cy_meta_flashprotect
  21              		.global	cy_meta_wonvl
  22              		.global	cy_meta_custnvl
  23              		.global	cy_meta_configecc
  24              		.section	.cyconfigecc,"a",%progbits
  25              		.align	2
  26              		.type	cy_meta_configecc, %object
  27              		.size	cy_meta_configecc, 464
  28              	cy_meta_configecc:
  29 0000 02       		.byte	2
  30 0001 45       		.byte	69
  31 0002 00       		.byte	0
  32 0003 40       		.byte	64
  33 0004 02       		.byte	2
  34 0005 52       		.byte	82
  35 0006 00       		.byte	0
  36 0007 40       		.byte	64
  37 0008 01       		.byte	1
  38 0009 64       		.byte	100
  39 000a 00       		.byte	0
  40 000b 40       		.byte	64
  41 000c 2A       		.byte	42
  42 000d 02       		.byte	2
  43 000e 01       		.byte	1
  44 000f 40       		.byte	64
  45 0010 1C       		.byte	28
  46 0011 03       		.byte	3
  47 0012 01       		.byte	1
  48 0013 40       		.byte	64
  49 0014 02       		.byte	2
  50 0015 05       		.byte	5
  51 0016 01       		.byte	1
  52 0017 40       		.byte	64
  53 0018 01       		.byte	1
  54 0019 09       		.byte	9
  55 001a 01       		.byte	1
  56 001b 40       		.byte	64
  57 001c 09       		.byte	9
ARM GAS  C:\Users\jdrd3\AppData\Local\Temp\ccis6oB7.s 			page 2


  58 001d 0B       		.byte	11
  59 001e 01       		.byte	1
  60 001f 40       		.byte	64
  61 0020 12       		.byte	18
  62 0021 0C       		.byte	12
  63 0022 01       		.byte	1
  64 0023 40       		.byte	64
  65 0024 1B       		.byte	27
  66 0025 0D       		.byte	13
  67 0026 01       		.byte	1
  68 0027 40       		.byte	64
  69 0028 01       		.byte	1
  70 0029 19       		.byte	25
  71 002a 01       		.byte	1
  72 002b 40       		.byte	64
  73 002c 01       		.byte	1
  74 002d 1B       		.byte	27
  75 002e 01       		.byte	1
  76 002f 40       		.byte	64
  77 0030 03       		.byte	3
  78 0031 40       		.byte	64
  79 0032 01       		.byte	1
  80 0033 40       		.byte	64
  81 0034 08       		.byte	8
  82 0035 41       		.byte	65
  83 0036 01       		.byte	1
  84 0037 40       		.byte	64
  85 0038 03       		.byte	3
  86 0039 42       		.byte	66
  87 003a 01       		.byte	1
  88 003b 40       		.byte	64
  89 003c 0E       		.byte	14
  90 003d 45       		.byte	69
  91 003e 01       		.byte	1
  92 003f 40       		.byte	64
  93 0040 04       		.byte	4
  94 0041 46       		.byte	70
  95 0042 01       		.byte	1
  96 0043 40       		.byte	64
  97 0044 01       		.byte	1
  98 0045 47       		.byte	71
  99 0046 01       		.byte	1
 100 0047 40       		.byte	64
 101 0048 03       		.byte	3
 102 0049 4C       		.byte	76
 103 004a 01       		.byte	1
 104 004b 40       		.byte	64
 105 004c 02       		.byte	2
 106 004d 4D       		.byte	77
 107 004e 01       		.byte	1
 108 004f 40       		.byte	64
 109 0050 03       		.byte	3
 110 0051 50       		.byte	80
 111 0052 01       		.byte	1
 112 0053 40       		.byte	64
 113 0054 01       		.byte	1
 114 0055 51       		.byte	81
ARM GAS  C:\Users\jdrd3\AppData\Local\Temp\ccis6oB7.s 			page 3


 115 0056 01       		.byte	1
 116 0057 40       		.byte	64
 117 0058 0D       		.byte	13
 118 0059 01       		.byte	1
 119 005a 0F       		.byte	15
 120 005b 01       		.byte	1
 121 005c 10       		.byte	16
 122 005d 23       		.byte	35
 123 005e 11       		.byte	17
 124 005f 2A       		.byte	42
 125 0060 82       		.byte	-126
 126 0061 0D       		.byte	13
 127 0062 0F       		.byte	15
 128 0063 01       		.byte	1
 129 0064 14       		.byte	20
 130 0065 01       		.byte	1
 131 0066 1A       		.byte	26
 132 0067 07       		.byte	7
 133 0068 1E       		.byte	30
 134 0069 04       		.byte	4
 135 006a 22       		.byte	34
 136 006b 08       		.byte	8
 137 006c 23       		.byte	35
 138 006d 01       		.byte	1
 139 006e 30       		.byte	48
 140 006f 01       		.byte	1
 141 0070 32       		.byte	50
 142 0071 02       		.byte	2
 143 0072 34       		.byte	52
 144 0073 04       		.byte	4
 145 0074 35       		.byte	53
 146 0075 01       		.byte	1
 147 0076 36       		.byte	54
 148 0077 08       		.byte	8
 149 0078 3C       		.byte	60
 150 0079 82       		.byte	-126
 151 007a 3F       		.byte	63
 152 007b 10       		.byte	16
 153 007c 40       		.byte	64
 154 007d 42       		.byte	66
 155 007e 41       		.byte	65
 156 007f 05       		.byte	5
 157 0080 45       		.byte	69
 158 0081 D1       		.byte	-47
 159 0082 46       		.byte	70
 160 0083 02       		.byte	2
 161 0084 48       		.byte	72
 162 0085 07       		.byte	7
 163 0086 49       		.byte	73
 164 0087 FF       		.byte	-1
 165 0088 4A       		.byte	74
 166 0089 FF       		.byte	-1
 167 008a 4B       		.byte	75
 168 008b FF       		.byte	-1
 169 008c 4D       		.byte	77
 170 008d A0       		.byte	-96
 171 008e 4F       		.byte	79
ARM GAS  C:\Users\jdrd3\AppData\Local\Temp\ccis6oB7.s 			page 4


 172 008f 04       		.byte	4
 173 0090 50       		.byte	80
 174 0091 18       		.byte	24
 175 0092 52       		.byte	82
 176 0093 80       		.byte	-128
 177 0094 54       		.byte	84
 178 0095 05       		.byte	5
 179 0096 58       		.byte	88
 180 0097 04       		.byte	4
 181 0098 59       		.byte	89
 182 0099 04       		.byte	4
 183 009a 5A       		.byte	90
 184 009b 04       		.byte	4
 185 009c 5B       		.byte	91
 186 009d 04       		.byte	4
 187 009e 5C       		.byte	92
 188 009f 01       		.byte	1
 189 00a0 5D       		.byte	93
 190 00a1 11       		.byte	17
 191 00a2 5F       		.byte	95
 192 00a3 05       		.byte	5
 193 00a4 60       		.byte	96
 194 00a5 40       		.byte	64
 195 00a6 62       		.byte	98
 196 00a7 C0       		.byte	-64
 197 00a8 64       		.byte	100
 198 00a9 40       		.byte	64
 199 00aa 65       		.byte	101
 200 00ab 40       		.byte	64
 201 00ac 66       		.byte	102
 202 00ad C0       		.byte	-64
 203 00ae 68       		.byte	104
 204 00af C0       		.byte	-64
 205 00b0 6A       		.byte	106
 206 00b1 C0       		.byte	-64
 207 00b2 6C       		.byte	108
 208 00b3 C0       		.byte	-64
 209 00b4 6E       		.byte	110
 210 00b5 C0       		.byte	-64
 211 00b6 0C       		.byte	12
 212 00b7 40       		.byte	64
 213 00b8 0E       		.byte	14
 214 00b9 20       		.byte	32
 215 00ba 0F       		.byte	15
 216 00bb 08       		.byte	8
 217 00bc 16       		.byte	22
 218 00bd 80       		.byte	-128
 219 00be 1E       		.byte	30
 220 00bf 60       		.byte	96
 221 00c0 1F       		.byte	31
 222 00c1 60       		.byte	96
 223 00c2 27       		.byte	39
 224 00c3 08       		.byte	8
 225 00c4 2C       		.byte	44
 226 00c5 40       		.byte	64
 227 00c6 2F       		.byte	47
 228 00c7 40       		.byte	64
ARM GAS  C:\Users\jdrd3\AppData\Local\Temp\ccis6oB7.s 			page 5


 229 00c8 3F       		.byte	63
 230 00c9 80       		.byte	-128
 231 00ca 44       		.byte	68
 232 00cb 48       		.byte	72
 233 00cc 4F       		.byte	79
 234 00cd 89       		.byte	-119
 235 00ce 57       		.byte	87
 236 00cf 40       		.byte	64
 237 00d0 5E       		.byte	94
 238 00d1 40       		.byte	64
 239 00d2 5F       		.byte	95
 240 00d3 09       		.byte	9
 241 00d4 76       		.byte	118
 242 00d5 80       		.byte	-128
 243 00d6 7C       		.byte	124
 244 00d7 08       		.byte	8
 245 00d8 8B       		.byte	-117
 246 00d9 20       		.byte	32
 247 00da C2       		.byte	-62
 248 00db E0       		.byte	-32
 249 00dc C4       		.byte	-60
 250 00dd 10       		.byte	16
 251 00de CA       		.byte	-54
 252 00df 80       		.byte	-128
 253 00e0 CE       		.byte	-50
 254 00e1 10       		.byte	16
 255 00e2 D0       		.byte	-48
 256 00e3 A0       		.byte	-96
 257 00e4 D2       		.byte	-46
 258 00e5 10       		.byte	16
 259 00e6 D6       		.byte	-42
 260 00e7 D0       		.byte	-48
 261 00e8 DE       		.byte	-34
 262 00e9 40       		.byte	64
 263 00ea E2       		.byte	-30
 264 00eb 80       		.byte	-128
 265 00ec EE       		.byte	-18
 266 00ed 08       		.byte	8
 267 00ee AC       		.byte	-84
 268 00ef 08       		.byte	8
 269 00f0 EA       		.byte	-22
 270 00f1 20       		.byte	32
 271 00f2 9D       		.byte	-99
 272 00f3 80       		.byte	-128
 273 00f4 87       		.byte	-121
 274 00f5 20       		.byte	32
 275 00f6 9D       		.byte	-99
 276 00f7 80       		.byte	-128
 277 00f8 9F       		.byte	-97
 278 00f9 20       		.byte	32
 279 00fa AB       		.byte	-85
 280 00fb 08       		.byte	8
 281 00fc B1       		.byte	-79
 282 00fd 01       		.byte	1
 283 00fe B3       		.byte	-77
 284 00ff 08       		.byte	8
 285 0100 E2       		.byte	-30
ARM GAS  C:\Users\jdrd3\AppData\Local\Temp\ccis6oB7.s 			page 6


 286 0101 02       		.byte	2
 287 0102 E8       		.byte	-24
 288 0103 04       		.byte	4
 289 0104 EA       		.byte	-22
 290 0105 20       		.byte	32
 291 0106 80       		.byte	-128
 292 0107 01       		.byte	1
 293 0108 8E       		.byte	-114
 294 0109 03       		.byte	3
 295 010a 93       		.byte	-109
 296 010b 01       		.byte	1
 297 010c 96       		.byte	-106
 298 010d 08       		.byte	8
 299 010e A0       		.byte	-96
 300 010f 08       		.byte	8
 301 0110 AA       		.byte	-86
 302 0111 04       		.byte	4
 303 0112 AF       		.byte	-81
 304 0113 02       		.byte	2
 305 0114 B0       		.byte	-80
 306 0115 04       		.byte	4
 307 0116 B1       		.byte	-79
 308 0117 02       		.byte	2
 309 0118 B2       		.byte	-78
 310 0119 08       		.byte	8
 311 011a B3       		.byte	-77
 312 011b 02       		.byte	2
 313 011c B4       		.byte	-76
 314 011d 01       		.byte	1
 315 011e B6       		.byte	-74
 316 011f 02       		.byte	2
 317 0120 B7       		.byte	-73
 318 0121 01       		.byte	1
 319 0122 D8       		.byte	-40
 320 0123 04       		.byte	4
 321 0124 D9       		.byte	-39
 322 0125 04       		.byte	4
 323 0126 DB       		.byte	-37
 324 0127 04       		.byte	4
 325 0128 DF       		.byte	-33
 326 0129 01       		.byte	1
 327 012a 00       		.byte	0
 328 012b 41       		.byte	65
 329 012c 09       		.byte	9
 330 012d 08       		.byte	8
 331 012e 12       		.byte	18
 332 012f 80       		.byte	-128
 333 0130 13       		.byte	19
 334 0131 20       		.byte	32
 335 0132 18       		.byte	24
 336 0133 41       		.byte	65
 337 0134 1A       		.byte	26
 338 0135 08       		.byte	8
 339 0136 1B       		.byte	27
 340 0137 08       		.byte	8
 341 0138 21       		.byte	33
 342 0139 0A       		.byte	10
ARM GAS  C:\Users\jdrd3\AppData\Local\Temp\ccis6oB7.s 			page 7


 343 013a 22       		.byte	34
 344 013b 80       		.byte	-128
 345 013c 29       		.byte	41
 346 013d 80       		.byte	-128
 347 013e 31       		.byte	49
 348 013f 02       		.byte	2
 349 0140 68       		.byte	104
 350 0141 18       		.byte	24
 351 0142 69       		.byte	105
 352 0143 01       		.byte	1
 353 0144 6B       		.byte	107
 354 0145 02       		.byte	2
 355 0146 70       		.byte	112
 356 0147 80       		.byte	-128
 357 0148 73       		.byte	115
 358 0149 08       		.byte	8
 359 014a 84       		.byte	-124
 360 014b 80       		.byte	-128
 361 014c 88       		.byte	-120
 362 014d 18       		.byte	24
 363 014e 8F       		.byte	-113
 364 014f 02       		.byte	2
 365 0150 96       		.byte	-106
 366 0151 08       		.byte	8
 367 0152 AE       		.byte	-82
 368 0153 04       		.byte	4
 369 0154 C0       		.byte	-64
 370 0155 09       		.byte	9
 371 0156 C2       		.byte	-62
 372 0157 04       		.byte	4
 373 0158 C4       		.byte	-60
 374 0159 0A       		.byte	10
 375 015a CA       		.byte	-54
 376 015b 08       		.byte	8
 377 015c CC       		.byte	-52
 378 015d 01       		.byte	1
 379 015e E0       		.byte	-32
 380 015f 08       		.byte	8
 381 0160 9D       		.byte	-99
 382 0161 80       		.byte	-128
 383 0162 B1       		.byte	-79
 384 0163 80       		.byte	-128
 385 0164 33       		.byte	51
 386 0165 20       		.byte	32
 387 0166 36       		.byte	54
 388 0167 20       		.byte	32
 389 0168 CC       		.byte	-52
 390 0169 30       		.byte	48
 391 016a 05       		.byte	5
 392 016b 40       		.byte	64
 393 016c 53       		.byte	83
 394 016d 04       		.byte	4
 395 016e 8B       		.byte	-117
 396 016f 04       		.byte	4
 397 0170 A6       		.byte	-90
 398 0171 20       		.byte	32
 399 0172 AF       		.byte	-81
ARM GAS  C:\Users\jdrd3\AppData\Local\Temp\ccis6oB7.s 			page 8


 400 0173 20       		.byte	32
 401 0174 C0       		.byte	-64
 402 0175 80       		.byte	-128
 403 0176 D4       		.byte	-44
 404 0177 20       		.byte	32
 405 0178 EE       		.byte	-18
 406 0179 10       		.byte	16
 407 017a AD       		.byte	-83
 408 017b 40       		.byte	64
 409 017c B2       		.byte	-78
 410 017d 20       		.byte	32
 411 017e EC       		.byte	-20
 412 017f 10       		.byte	16
 413 0180 50       		.byte	80
 414 0181 82       		.byte	-126
 415 0182 57       		.byte	87
 416 0183 08       		.byte	8
 417 0184 5A       		.byte	90
 418 0185 01       		.byte	1
 419 0186 5F       		.byte	95
 420 0187 80       		.byte	-128
 421 0188 65       		.byte	101
 422 0189 01       		.byte	1
 423 018a 86       		.byte	-122
 424 018b 01       		.byte	1
 425 018c 88       		.byte	-120
 426 018d 80       		.byte	-128
 427 018e 8B       		.byte	-117
 428 018f 80       		.byte	-128
 429 0190 8F       		.byte	-113
 430 0191 08       		.byte	8
 431 0192 D4       		.byte	-44
 432 0193 07       		.byte	7
 433 0194 D6       		.byte	-42
 434 0195 06       		.byte	6
 435 0196 D8       		.byte	-40
 436 0197 01       		.byte	1
 437 0198 E0       		.byte	-32
 438 0199 08       		.byte	8
 439 019a E4       		.byte	-28
 440 019b 05       		.byte	5
 441 019c 84       		.byte	-124
 442 019d 20       		.byte	32
 443 019e A9       		.byte	-87
 444 019f 01       		.byte	1
 445 01a0 B0       		.byte	-80
 446 01a1 02       		.byte	2
 447 01a2 EC       		.byte	-20
 448 01a3 01       		.byte	1
 449 01a4 A4       		.byte	-92
 450 01a5 20       		.byte	32
 451 01a6 0C       		.byte	12
 452 01a7 24       		.byte	36
 453 01a8 A4       		.byte	-92
 454 01a9 20       		.byte	32
 455 01aa C2       		.byte	-62
 456 01ab 05       		.byte	5
ARM GAS  C:\Users\jdrd3\AppData\Local\Temp\ccis6oB7.s 			page 9


 457 01ac B0       		.byte	-80
 458 01ad 04       		.byte	4
 459 01ae EE       		.byte	-18
 460 01af 01       		.byte	1
 461 01b0 00       		.byte	0
 462 01b1 03       		.byte	3
 463 01b2 08       		.byte	8
 464 01b3 02       		.byte	2
 465 01b4 0E       		.byte	14
 466 01b5 01       		.byte	1
 467 01b6 00       		.byte	0
 468 01b7 0F       		.byte	15
 469 01b8 08       		.byte	8
 470 01b9 1C       		.byte	28
 471 01ba 14       		.byte	20
 472 01bb 00       		.byte	0
 473 01bc 04       		.byte	4
 474 01bd 00       		.byte	0
 475 01be 00       		.byte	0
 476 01bf 00       		.byte	0
 477 01c0 A0       		.byte	-96
 478 01c1 AB       		.byte	-85
 479 01c2 0B       		.byte	11
 480 01c3 00       		.byte	0
 481 01c4 00       		.byte	0
 482 01c5 00       		.byte	0
 483 01c6 00       		.byte	0
 484 01c7 00       		.byte	0
 485 01c8 00       		.byte	0
 486 01c9 3F       		.byte	63
 487 01ca 3F       		.byte	63
 488 01cb 00       		.byte	0
 489 01cc 3F       		.byte	63
 490 01cd 00       		.byte	0
 491 01ce 00       		.byte	0
 492 01cf 00       		.byte	0
 493              		.section	.cywolatch,"a",%progbits
 494              		.align	2
 495              		.type	cy_meta_wonvl, %object
 496              		.size	cy_meta_wonvl, 4
 497              	cy_meta_wonvl:
 498 0000 BC       		.byte	-68
 499 0001 90       		.byte	-112
 500 0002 AC       		.byte	-84
 501 0003 AF       		.byte	-81
 502              		.section	.cycustnvl,"a",%progbits
 503              		.align	2
 504              		.type	cy_meta_custnvl, %object
 505              		.size	cy_meta_custnvl, 4
 506              	cy_meta_custnvl:
 507 0000 00       		.byte	0
 508 0001 00       		.byte	0
 509 0002 40       		.byte	64
 510 0003 05       		.byte	5
 511              		.section	.cymeta,"a",%progbits
 512              		.align	2
 513              		.type	cy_metadata, %object
ARM GAS  C:\Users\jdrd3\AppData\Local\Temp\ccis6oB7.s 			page 10


 514              		.size	cy_metadata, 12
 515              	cy_metadata:
 516 0000 00       		.byte	0
 517 0001 01       		.byte	1
 518 0002 2E       		.byte	46
 519 0003 16       		.byte	22
 520 0004 10       		.byte	16
 521 0005 69       		.byte	105
 522 0006 00       		.byte	0
 523 0007 01       		.byte	1
 524 0008 00       		.byte	0
 525 0009 00       		.byte	0
 526 000a 00       		.byte	0
 527 000b 00       		.byte	0
 528              		.section	.cyflashprotect,"a",%progbits
 529              		.align	2
 530              		.type	cy_meta_flashprotect, %object
 531              		.size	cy_meta_flashprotect, 256
 532              	cy_meta_flashprotect:
 533 0000 00000000 		.space	256
 533      00000000 
 533      00000000 
 533      00000000 
 533      00000000 
 534              		.text
 535              	.Letext0:
 536              		.file 1 "c:\\program files (x86)\\cypress\\psoc creator\\4.2\\psoc creator\\import\\gnu\\arm\\5.4.
 537              		.file 2 "c:\\program files (x86)\\cypress\\psoc creator\\4.2\\psoc creator\\import\\gnu\\arm\\5.4.
 538              		.file 3 "Generated_Source\\PSoC5\\cymetadata.c"
 539              		.section	.debug_info,"",%progbits
 540              	.Ldebug_info0:
 541 0000 31010000 		.4byte	0x131
 542 0004 0400     		.2byte	0x4
 543 0006 00000000 		.4byte	.Ldebug_abbrev0
 544 000a 04       		.byte	0x4
 545 000b 01       		.uleb128 0x1
 546 000c 24000000 		.4byte	.LASF17
 547 0010 0C       		.byte	0xc
 548 0011 B7010000 		.4byte	.LASF18
 549 0015 D7000000 		.4byte	.LASF19
 550 0019 00000000 		.4byte	.Ldebug_line0
 551 001d 02       		.uleb128 0x2
 552 001e 01       		.byte	0x1
 553 001f 06       		.byte	0x6
 554 0020 AB010000 		.4byte	.LASF0
 555 0024 03       		.uleb128 0x3
 556 0025 00000000 		.4byte	.LASF9
 557 0029 01       		.byte	0x1
 558 002a 1D       		.byte	0x1d
 559 002b 2F000000 		.4byte	0x2f
 560 002f 02       		.uleb128 0x2
 561 0030 01       		.byte	0x1
 562 0031 08       		.byte	0x8
 563 0032 16000000 		.4byte	.LASF1
 564 0036 02       		.uleb128 0x2
 565 0037 02       		.byte	0x2
 566 0038 05       		.byte	0x5
ARM GAS  C:\Users\jdrd3\AppData\Local\Temp\ccis6oB7.s 			page 11


 567 0039 98010000 		.4byte	.LASF2
 568 003d 02       		.uleb128 0x2
 569 003e 02       		.byte	0x2
 570 003f 07       		.byte	0x7
 571 0040 C4000000 		.4byte	.LASF3
 572 0044 02       		.uleb128 0x2
 573 0045 04       		.byte	0x4
 574 0046 05       		.byte	0x5
 575 0047 A2010000 		.4byte	.LASF4
 576 004b 02       		.uleb128 0x2
 577 004c 04       		.byte	0x4
 578 004d 07       		.byte	0x7
 579 004e B2000000 		.4byte	.LASF5
 580 0052 02       		.uleb128 0x2
 581 0053 08       		.byte	0x8
 582 0054 05       		.byte	0x5
 583 0055 8A010000 		.4byte	.LASF6
 584 0059 02       		.uleb128 0x2
 585 005a 08       		.byte	0x8
 586 005b 07       		.byte	0x7
 587 005c 3F010000 		.4byte	.LASF7
 588 0060 04       		.uleb128 0x4
 589 0061 04       		.byte	0x4
 590 0062 05       		.byte	0x5
 591 0063 696E7400 		.ascii	"int\000"
 592 0067 02       		.uleb128 0x2
 593 0068 04       		.byte	0x4
 594 0069 07       		.byte	0x7
 595 006a 32010000 		.4byte	.LASF8
 596 006e 03       		.uleb128 0x3
 597 006f 56010000 		.4byte	.LASF10
 598 0073 02       		.byte	0x2
 599 0074 18       		.byte	0x18
 600 0075 24000000 		.4byte	0x24
 601 0079 05       		.uleb128 0x5
 602 007a 91000000 		.4byte	0x91
 603 007e 8A000000 		.4byte	0x8a
 604 0082 06       		.uleb128 0x6
 605 0083 8A000000 		.4byte	0x8a
 606 0087 CF01     		.2byte	0x1cf
 607 0089 00       		.byte	0
 608 008a 02       		.uleb128 0x2
 609 008b 04       		.byte	0x4
 610 008c 07       		.byte	0x7
 611 008d 81010000 		.4byte	.LASF11
 612 0091 07       		.uleb128 0x7
 613 0092 6E000000 		.4byte	0x6e
 614 0096 08       		.uleb128 0x8
 615 0097 20010000 		.4byte	.LASF12
 616 009b 03       		.byte	0x3
 617 009c 1F       		.byte	0x1f
 618 009d A7000000 		.4byte	0xa7
 619 00a1 05       		.uleb128 0x5
 620 00a2 03       		.byte	0x3
 621 00a3 00000000 		.4byte	cy_meta_configecc
 622 00a7 07       		.uleb128 0x7
 623 00a8 79000000 		.4byte	0x79
ARM GAS  C:\Users\jdrd3\AppData\Local\Temp\ccis6oB7.s 			page 12


 624 00ac 05       		.uleb128 0x5
 625 00ad 91000000 		.4byte	0x91
 626 00b1 BC000000 		.4byte	0xbc
 627 00b5 09       		.uleb128 0x9
 628 00b6 8A000000 		.4byte	0x8a
 629 00ba 03       		.byte	0x3
 630 00bb 00       		.byte	0
 631 00bc 08       		.uleb128 0x8
 632 00bd 10010000 		.4byte	.LASF13
 633 00c1 03       		.byte	0x3
 634 00c2 66       		.byte	0x66
 635 00c3 CD000000 		.4byte	0xcd
 636 00c7 05       		.uleb128 0x5
 637 00c8 03       		.byte	0x3
 638 00c9 00000000 		.4byte	cy_meta_custnvl
 639 00cd 07       		.uleb128 0x7
 640 00ce AC000000 		.4byte	0xac
 641 00d2 08       		.uleb128 0x8
 642 00d3 73010000 		.4byte	.LASF14
 643 00d7 03       		.byte	0x3
 644 00d8 74       		.byte	0x74
 645 00d9 E3000000 		.4byte	0xe3
 646 00dd 05       		.uleb128 0x5
 647 00de 03       		.byte	0x3
 648 00df 00000000 		.4byte	cy_meta_wonvl
 649 00e3 07       		.uleb128 0x7
 650 00e4 AC000000 		.4byte	0xac
 651 00e8 05       		.uleb128 0x5
 652 00e9 91000000 		.4byte	0x91
 653 00ed F8000000 		.4byte	0xf8
 654 00f1 09       		.uleb128 0x9
 655 00f2 8A000000 		.4byte	0x8a
 656 00f6 FF       		.byte	0xff
 657 00f7 00       		.byte	0
 658 00f8 08       		.uleb128 0x8
 659 00f9 5E010000 		.4byte	.LASF15
 660 00fd 03       		.byte	0x3
 661 00fe 82       		.byte	0x82
 662 00ff 09010000 		.4byte	0x109
 663 0103 05       		.uleb128 0x5
 664 0104 03       		.byte	0x3
 665 0105 00000000 		.4byte	cy_meta_flashprotect
 666 0109 07       		.uleb128 0x7
 667 010a E8000000 		.4byte	0xe8
 668 010e 05       		.uleb128 0x5
 669 010f 91000000 		.4byte	0x91
 670 0113 1E010000 		.4byte	0x11e
 671 0117 09       		.uleb128 0x9
 672 0118 8A000000 		.4byte	0x8a
 673 011c 0B       		.byte	0xb
 674 011d 00       		.byte	0
 675 011e 08       		.uleb128 0x8
 676 011f 0A000000 		.4byte	.LASF16
 677 0123 03       		.byte	0x3
 678 0124 AF       		.byte	0xaf
 679 0125 2F010000 		.4byte	0x12f
 680 0129 05       		.uleb128 0x5
ARM GAS  C:\Users\jdrd3\AppData\Local\Temp\ccis6oB7.s 			page 13


 681 012a 03       		.byte	0x3
 682 012b 00000000 		.4byte	cy_metadata
 683 012f 07       		.uleb128 0x7
 684 0130 0E010000 		.4byte	0x10e
 685 0134 00       		.byte	0
 686              		.section	.debug_abbrev,"",%progbits
 687              	.Ldebug_abbrev0:
 688 0000 01       		.uleb128 0x1
 689 0001 11       		.uleb128 0x11
 690 0002 01       		.byte	0x1
 691 0003 25       		.uleb128 0x25
 692 0004 0E       		.uleb128 0xe
 693 0005 13       		.uleb128 0x13
 694 0006 0B       		.uleb128 0xb
 695 0007 03       		.uleb128 0x3
 696 0008 0E       		.uleb128 0xe
 697 0009 1B       		.uleb128 0x1b
 698 000a 0E       		.uleb128 0xe
 699 000b 10       		.uleb128 0x10
 700 000c 17       		.uleb128 0x17
 701 000d 00       		.byte	0
 702 000e 00       		.byte	0
 703 000f 02       		.uleb128 0x2
 704 0010 24       		.uleb128 0x24
 705 0011 00       		.byte	0
 706 0012 0B       		.uleb128 0xb
 707 0013 0B       		.uleb128 0xb
 708 0014 3E       		.uleb128 0x3e
 709 0015 0B       		.uleb128 0xb
 710 0016 03       		.uleb128 0x3
 711 0017 0E       		.uleb128 0xe
 712 0018 00       		.byte	0
 713 0019 00       		.byte	0
 714 001a 03       		.uleb128 0x3
 715 001b 16       		.uleb128 0x16
 716 001c 00       		.byte	0
 717 001d 03       		.uleb128 0x3
 718 001e 0E       		.uleb128 0xe
 719 001f 3A       		.uleb128 0x3a
 720 0020 0B       		.uleb128 0xb
 721 0021 3B       		.uleb128 0x3b
 722 0022 0B       		.uleb128 0xb
 723 0023 49       		.uleb128 0x49
 724 0024 13       		.uleb128 0x13
 725 0025 00       		.byte	0
 726 0026 00       		.byte	0
 727 0027 04       		.uleb128 0x4
 728 0028 24       		.uleb128 0x24
 729 0029 00       		.byte	0
 730 002a 0B       		.uleb128 0xb
 731 002b 0B       		.uleb128 0xb
 732 002c 3E       		.uleb128 0x3e
 733 002d 0B       		.uleb128 0xb
 734 002e 03       		.uleb128 0x3
 735 002f 08       		.uleb128 0x8
 736 0030 00       		.byte	0
 737 0031 00       		.byte	0
ARM GAS  C:\Users\jdrd3\AppData\Local\Temp\ccis6oB7.s 			page 14


 738 0032 05       		.uleb128 0x5
 739 0033 01       		.uleb128 0x1
 740 0034 01       		.byte	0x1
 741 0035 49       		.uleb128 0x49
 742 0036 13       		.uleb128 0x13
 743 0037 01       		.uleb128 0x1
 744 0038 13       		.uleb128 0x13
 745 0039 00       		.byte	0
 746 003a 00       		.byte	0
 747 003b 06       		.uleb128 0x6
 748 003c 21       		.uleb128 0x21
 749 003d 00       		.byte	0
 750 003e 49       		.uleb128 0x49
 751 003f 13       		.uleb128 0x13
 752 0040 2F       		.uleb128 0x2f
 753 0041 05       		.uleb128 0x5
 754 0042 00       		.byte	0
 755 0043 00       		.byte	0
 756 0044 07       		.uleb128 0x7
 757 0045 26       		.uleb128 0x26
 758 0046 00       		.byte	0
 759 0047 49       		.uleb128 0x49
 760 0048 13       		.uleb128 0x13
 761 0049 00       		.byte	0
 762 004a 00       		.byte	0
 763 004b 08       		.uleb128 0x8
 764 004c 34       		.uleb128 0x34
 765 004d 00       		.byte	0
 766 004e 03       		.uleb128 0x3
 767 004f 0E       		.uleb128 0xe
 768 0050 3A       		.uleb128 0x3a
 769 0051 0B       		.uleb128 0xb
 770 0052 3B       		.uleb128 0x3b
 771 0053 0B       		.uleb128 0xb
 772 0054 49       		.uleb128 0x49
 773 0055 13       		.uleb128 0x13
 774 0056 3F       		.uleb128 0x3f
 775 0057 19       		.uleb128 0x19
 776 0058 02       		.uleb128 0x2
 777 0059 18       		.uleb128 0x18
 778 005a 00       		.byte	0
 779 005b 00       		.byte	0
 780 005c 09       		.uleb128 0x9
 781 005d 21       		.uleb128 0x21
 782 005e 00       		.byte	0
 783 005f 49       		.uleb128 0x49
 784 0060 13       		.uleb128 0x13
 785 0061 2F       		.uleb128 0x2f
 786 0062 0B       		.uleb128 0xb
 787 0063 00       		.byte	0
 788 0064 00       		.byte	0
 789 0065 00       		.byte	0
 790              		.section	.debug_aranges,"",%progbits
 791 0000 14000000 		.4byte	0x14
 792 0004 0200     		.2byte	0x2
 793 0006 00000000 		.4byte	.Ldebug_info0
 794 000a 04       		.byte	0x4
ARM GAS  C:\Users\jdrd3\AppData\Local\Temp\ccis6oB7.s 			page 15


 795 000b 00       		.byte	0
 796 000c 0000     		.2byte	0
 797 000e 0000     		.2byte	0
 798 0010 00000000 		.4byte	0
 799 0014 00000000 		.4byte	0
 800              		.section	.debug_line,"",%progbits
 801              	.Ldebug_line0:
 802 0000 3D010000 		.section	.debug_str,"MS",%progbits,1
 802      02003701 
 802      00000201 
 802      FB0E0D00 
 802      01010101 
 803              	.LASF9:
 804 0000 5F5F7569 		.ascii	"__uint8_t\000"
 804      6E74385F 
 804      7400
 805              	.LASF16:
 806 000a 63795F6D 		.ascii	"cy_metadata\000"
 806      65746164 
 806      61746100 
 807              	.LASF1:
 808 0016 756E7369 		.ascii	"unsigned char\000"
 808      676E6564 
 808      20636861 
 808      7200
 809              	.LASF17:
 810 0024 474E5520 		.ascii	"GNU C11 5.4.1 20160609 (release) [ARM/embedded-5-br"
 810      43313120 
 810      352E342E 
 810      31203230 
 810      31363036 
 811 0057 616E6368 		.ascii	"anch revision 237715] -mcpu=cortex-m3 -mthumb -g -O"
 811      20726576 
 811      6973696F 
 811      6E203233 
 811      37373135 
 812 008a 67202D66 		.ascii	"g -ffunction-sections -ffat-lto-objects\000"
 812      66756E63 
 812      74696F6E 
 812      2D736563 
 812      74696F6E 
 813              	.LASF5:
 814 00b2 6C6F6E67 		.ascii	"long unsigned int\000"
 814      20756E73 
 814      69676E65 
 814      6420696E 
 814      7400
 815              	.LASF3:
 816 00c4 73686F72 		.ascii	"short unsigned int\000"
 816      7420756E 
 816      7369676E 
 816      65642069 
 816      6E7400
 817              	.LASF19:
 818 00d7 433A5C55 		.ascii	"C:\\Users\\jdrd3\\Documents\\PSoC Creator\\Ejemplos"
 818      73657273 
 818      5C6A6472 
ARM GAS  C:\Users\jdrd3\AppData\Local\Temp\ccis6oB7.s 			page 16


 818      64335C44 
 818      6F63756D 
 819 0105 5C50574D 		.ascii	"\\PWM.cydsn\000"
 819      2E637964 
 819      736E00
 820              	.LASF13:
 821 0110 63795F6D 		.ascii	"cy_meta_custnvl\000"
 821      6574615F 
 821      63757374 
 821      6E766C00 
 822              	.LASF12:
 823 0120 63795F6D 		.ascii	"cy_meta_configecc\000"
 823      6574615F 
 823      636F6E66 
 823      69676563 
 823      6300
 824              	.LASF8:
 825 0132 756E7369 		.ascii	"unsigned int\000"
 825      676E6564 
 825      20696E74 
 825      00
 826              	.LASF7:
 827 013f 6C6F6E67 		.ascii	"long long unsigned int\000"
 827      206C6F6E 
 827      6720756E 
 827      7369676E 
 827      65642069 
 828              	.LASF10:
 829 0156 75696E74 		.ascii	"uint8_t\000"
 829      385F7400 
 830              	.LASF15:
 831 015e 63795F6D 		.ascii	"cy_meta_flashprotect\000"
 831      6574615F 
 831      666C6173 
 831      6870726F 
 831      74656374 
 832              	.LASF14:
 833 0173 63795F6D 		.ascii	"cy_meta_wonvl\000"
 833      6574615F 
 833      776F6E76 
 833      6C00
 834              	.LASF11:
 835 0181 73697A65 		.ascii	"sizetype\000"
 835      74797065 
 835      00
 836              	.LASF6:
 837 018a 6C6F6E67 		.ascii	"long long int\000"
 837      206C6F6E 
 837      6720696E 
 837      7400
 838              	.LASF2:
 839 0198 73686F72 		.ascii	"short int\000"
 839      7420696E 
 839      7400
 840              	.LASF4:
 841 01a2 6C6F6E67 		.ascii	"long int\000"
 841      20696E74 
ARM GAS  C:\Users\jdrd3\AppData\Local\Temp\ccis6oB7.s 			page 17


 841      00
 842              	.LASF0:
 843 01ab 7369676E 		.ascii	"signed char\000"
 843      65642063 
 843      68617200 
 844              	.LASF18:
 845 01b7 47656E65 		.ascii	"Generated_Source\\PSoC5\\cymetadata.c\000"
 845      72617465 
 845      645F536F 
 845      75726365 
 845      5C50536F 
 846              		.ident	"GCC: (GNU Tools for ARM Embedded Processors) 5.4.1 20160609 (release) [ARM/embedded-5-bran
